c:\users\38050\source\repos\gamesnake\gamesnake\debug\vc142.pdb
c:\users\38050\source\repos\gamesnake\gamesnake\debug\vc142.idb
c:\users\38050\source\repos\gamesnake\gamesnake\debug\welcomescreen.obj
c:\users\38050\source\repos\gamesnake\gamesnake\debug\showwinnersscreen.obj
c:\users\38050\source\repos\gamesnake\gamesnake\debug\printer.obj
c:\users\38050\source\repos\gamesnake\gamesnake\debug\menuscreen.obj
c:\users\38050\source\repos\gamesnake\gamesnake\debug\main.obj
c:\users\38050\source\repos\gamesnake\gamesnake\debug\console.obj
c:\users\38050\source\repos\gamesnake\gamesnake\debug\interface.obj
c:\users\38050\source\repos\gamesnake\gamesnake\debug\endscreen.obj
c:\users\38050\source\repos\gamesnake\debug\gamesnake.exe
c:\users\38050\source\repos\gamesnake\debug\gamesnake.ilk
c:\users\38050\source\repos\gamesnake\debug\gamesnake.pdb
c:\users\38050\source\repos\gamesnake\gamesnake\debug\pixel.obj
c:\users\38050\source\repos\gamesnake\gamesnake\debug\gamesnake.tlog\cl.command.1.tlog
c:\users\38050\source\repos\gamesnake\gamesnake\debug\gamesnake.tlog\cl.read.1.tlog
c:\users\38050\source\repos\gamesnake\gamesnake\debug\gamesnake.tlog\cl.write.1.tlog
c:\users\38050\source\repos\gamesnake\gamesnake\debug\gamesnake.tlog\link.command.1.tlog
c:\users\38050\source\repos\gamesnake\gamesnake\debug\gamesnake.tlog\link.read.1.tlog
c:\users\38050\source\repos\gamesnake\gamesnake\debug\gamesnake.tlog\link.write.1.tlog
